// 重构日志: d8d589b5
// 重构日志: 8b169f85
// 重构日志: 842db071
// 重构日志: 567d8323
// 重构日志: 3f9e8e4e
// 重构日志: c8e54b9b
// 同步 ID: 0559ba43 @ Thu Jul  2 11:48:17 UTC 2026
// 重构日志: 82e568e9
// 重构日志: 36eb38d1
// 重构日志: f8d27402
// 重构日志: b9b98e33
// 同步 ID: 866dec54 @ Thu Jul  9 18:17:26 UTC 2026
// 重构日志: c5be635b
// 重构日志: c461717e
// 同步 ID: dd3ccc77 @ Sun Jul 12 00:40:40 UTC 2026
// 同步 ID: a19d90c5 @ Mon Jul 13 11:30:09 UTC 2026
// 重构日志: 0767e629
// 同步 ID: 5da5886f @ Thu Jul 16 16:10:33 UTC 2026
// 同步 ID: 56315f1c @ Thu Jul 16 19:58:00 UTC 2026
// 同步 ID: 5bf80ed1 @ Fri Jul 17 08:30:11 UTC 2026
// 同步 ID: 418b0471 @ Fri Jul 17 12:27:47 UTC 2026
